c:\users\sritej\git things\sritej-reddy-c-learner\c-recursion\src\debug\src.pch
c:\users\sritej\git things\sritej-reddy-c-learner\c-recursion\src\debug\vc140.pdb
c:\users\sritej\git things\sritej-reddy-c-learner\c-recursion\src\debug\vc140.idb
c:\users\sritej\git things\sritej-reddy-c-learner\c-recursion\src\debug\stdafx.obj
c:\users\sritej\git things\sritej-reddy-c-learner\c-recursion\src\debug\ropestudents.obj
c:\users\sritej\git things\sritej-reddy-c-learner\c-recursion\src\debug\countpairs.obj
c:\users\sritej\git things\sritej-reddy-c-learner\c-recursion\src\debug\mainrecursion.obj
c:\users\sritej\git things\sritej-reddy-c-learner\c-recursion\src\debug\maze.obj
c:\users\sritej\git things\sritej-reddy-c-learner\c-recursion\src\debug\nsnipers.obj
c:\users\sritej\git things\sritej-reddy-c-learner\c-recursion\src\debug\pillars.obj
c:\users\sritej\git things\sritej-reddy-c-learner\c-recursion\src\debug\spiral.obj
c:\users\sritej\git things\sritej-reddy-c-learner\c-recursion\src\debug\steps.obj
c:\users\sritej\git things\sritej-reddy-c-learner\c-recursion\debug\src.ilk
c:\users\sritej\git things\sritej-reddy-c-learner\c-recursion\debug\src.exe
c:\users\sritej\git things\sritej-reddy-c-learner\c-recursion\debug\src.pdb
c:\users\sritej\git things\sritej-reddy-c-learner\c-recursion\src\debug\src.tlog\cl.command.1.tlog
c:\users\sritej\git things\sritej-reddy-c-learner\c-recursion\src\debug\src.tlog\cl.read.1.tlog
c:\users\sritej\git things\sritej-reddy-c-learner\c-recursion\src\debug\src.tlog\cl.write.1.tlog
c:\users\sritej\git things\sritej-reddy-c-learner\c-recursion\src\debug\src.tlog\link.command.1.tlog
c:\users\sritej\git things\sritej-reddy-c-learner\c-recursion\src\debug\src.tlog\link.read.1.tlog
c:\users\sritej\git things\sritej-reddy-c-learner\c-recursion\src\debug\src.tlog\link.write.1.tlog
