c:\users\sritej\git things\sritej-reddy-c-learner\c-recursion\spec\debug\spec.pch
c:\users\sritej\git things\sritej-reddy-c-learner\c-recursion\spec\debug\vc140.pdb
c:\users\sritej\git things\sritej-reddy-c-learner\c-recursion\spec\debug\stdafx.obj
c:\users\sritej\git things\sritej-reddy-c-learner\c-recursion\spec\debug\stepsspec.obj
c:\users\sritej\git things\sritej-reddy-c-learner\c-recursion\spec\debug\nsnipersspec.obj
c:\users\sritej\git things\sritej-reddy-c-learner\c-recursion\spec\debug\spiralspec.obj
c:\users\sritej\git things\sritej-reddy-c-learner\c-recursion\spec\debug\ropestudentsspec.obj
c:\users\sritej\git things\sritej-reddy-c-learner\c-recursion\spec\debug\pillarsspec.obj
c:\users\sritej\git things\sritej-reddy-c-learner\c-recursion\spec\debug\mazespec.obj
c:\users\sritej\git things\sritej-reddy-c-learner\c-recursion\spec\debug\countpairsspec.obj
c:\users\sritej\git things\sritej-reddy-c-learner\c-recursion\spec\debug\assemblyinfo.obj
c:\users\sritej\git things\sritej-reddy-c-learner\c-recursion\spec\debug\.netframework,version=v4.0.assemblyattributes.obj
c:\users\sritej\git things\sritej-reddy-c-learner\c-recursion\spec\debug\.netframework,version=v4.0.assemblyattributes.asm
c:\users\sritej\git things\sritej-reddy-c-learner\c-recursion\debug\spec.dll
c:\users\sritej\git things\sritej-reddy-c-learner\c-recursion\debug\spec.pdb
c:\users\sritej\git things\sritej-reddy-c-learner\c-recursion\spec\debug\app.res
c:\users\sritej\git things\sritej-reddy-c-learner\c-recursion\spec\debug\spec.vcxprojresolveassemblyreference.cache
c:\users\sritej\git things\sritej-reddy-c-learner\c-recursion\spec\debug\spec.tlog\cl.command.1.tlog
c:\users\sritej\git things\sritej-reddy-c-learner\c-recursion\spec\debug\spec.tlog\cl.read.1.tlog
c:\users\sritej\git things\sritej-reddy-c-learner\c-recursion\spec\debug\spec.tlog\cl.write.1.tlog
c:\users\sritej\git things\sritej-reddy-c-learner\c-recursion\spec\debug\spec.tlog\link.command.1.tlog
c:\users\sritej\git things\sritej-reddy-c-learner\c-recursion\spec\debug\spec.tlog\link.read.1.tlog
c:\users\sritej\git things\sritej-reddy-c-learner\c-recursion\spec\debug\spec.tlog\link.write.1.tlog
c:\users\sritej\git things\sritej-reddy-c-learner\c-recursion\spec\debug\spec.tlog\metagen.read.1.tlog
c:\users\sritej\git things\sritej-reddy-c-learner\c-recursion\spec\debug\spec.tlog\metagen.write.1.tlog
c:\users\sritej\git things\sritej-reddy-c-learner\c-recursion\spec\debug\spec.tlog\rc.command.1.tlog
c:\users\sritej\git things\sritej-reddy-c-learner\c-recursion\spec\debug\spec.tlog\rc.read.1.tlog
c:\users\sritej\git things\sritej-reddy-c-learner\c-recursion\spec\debug\spec.tlog\rc.write.1.tlog
c:\users\sritej\git things\sritej-reddy-c-learner\c-recursion\spec\debug\spec.tlog\tzres.dll.bi
